<?xml version="1.0" encoding="UTF-8"?>
<!-- Generated by org.testng.reporters.JUnitReportReporter -->
<testsuite hostname="HarithaPC" name="com.rightmove.searchproperty.tests.SearchPropertyTest" tests="14" failures="0" timestamp="28 Apr 2018 22:07:58 GMT" time="285.100" errors="0">
  <testcase name="logintest" time="20.982" classname="com.rightmove.searchproperty.tests.SearchPropertyTest"/>
  <testcase name="logintest" time="10.111" classname="com.rightmove.searchproperty.tests.SearchPropertyTest"/>
  <testcase name="logintest" time="6.983" classname="com.rightmove.searchproperty.tests.SearchPropertyTest"/>
  <testcase name="logintest" time="16.862" classname="com.rightmove.searchproperty.tests.SearchPropertyTest"/>
  <testcase name="logintest" time="30.758" classname="com.rightmove.searchproperty.tests.SearchPropertyTest"/>
  <testcase name="logintest" time="40.029" classname="com.rightmove.searchproperty.tests.SearchPropertyTest"/>
  <testcase name="logintest" time="16.650" classname="com.rightmove.searchproperty.tests.SearchPropertyTest"/>
  <testcase name="logintest" time="17.264" classname="com.rightmove.searchproperty.tests.SearchPropertyTest"/>
  <testcase name="logintest" time="10.342" classname="com.rightmove.searchproperty.tests.SearchPropertyTest"/>
  <testcase name="logintest" time="40.167" classname="com.rightmove.searchproperty.tests.SearchPropertyTest"/>
  <testcase name="logintest" time="31.399" classname="com.rightmove.searchproperty.tests.SearchPropertyTest"/>
  <testcase name="logintest" time="6.760" classname="com.rightmove.searchproperty.tests.SearchPropertyTest"/>
  <testcase name="logintest" time="19.935" classname="com.rightmove.searchproperty.tests.SearchPropertyTest"/>
  <testcase name="logintest" time="16.858" classname="com.rightmove.searchproperty.tests.SearchPropertyTest"/>
</testsuite> <!-- com.rightmove.searchproperty.tests.SearchPropertyTest -->
