<?xml version="1.0" encoding="UTF-8"?>
<!-- Generated by org.testng.reporters.JUnitReportReporter -->
<testsuite hostname="HarithaPC" name="com.rightmove.searchproperty.tests.SearchPropertyTest" tests="1" failures="0" timestamp="27 Apr 2018 22:47:28 GMT" time="42.217" errors="0">
  <testcase name="logintest" time="42.217" classname="com.rightmove.searchproperty.tests.SearchPropertyTest"/>
</testsuite> <!-- com.rightmove.searchproperty.tests.SearchPropertyTest -->
