<?xml version="1.0" encoding="UTF-8"?>
<!-- Generated by org.testng.reporters.JUnitReportReporter -->
<testsuite hostname="HarithaPC" name="com.rightmove.searchproperty.tests.SearchProperty" tests="2" failures="0" timestamp="27 Apr 2018 21:56:39 GMT" time="42.629" errors="0">
  <testcase name="logintest" time="30.550" classname="com.rightmove.searchproperty.tests.SearchProperty"/>
  <testcase name="logintest" time="12.079" classname="com.rightmove.searchproperty.tests.SearchProperty"/>
</testsuite> <!-- com.rightmove.searchproperty.tests.SearchProperty -->
