<?xml version="1.0" encoding="UTF-8"?>
<!-- Generated by org.testng.reporters.JUnitReportReporter -->
<testsuite hostname="HarithaPC" name="com.rightmove.searchproperty.tests.SearchPropertyTest" tests="8" failures="0" timestamp="28 Apr 2018 14:55:17 GMT" time="203.978" errors="0">
  <testcase name="logintest" time="21.164" classname="com.rightmove.searchproperty.tests.SearchPropertyTest"/>
  <testcase name="logintest" time="20.453" classname="com.rightmove.searchproperty.tests.SearchPropertyTest"/>
  <testcase name="logintest" time="10.504" classname="com.rightmove.searchproperty.tests.SearchPropertyTest"/>
  <testcase name="logintest" time="30.981" classname="com.rightmove.searchproperty.tests.SearchPropertyTest"/>
  <testcase name="logintest" time="10.470" classname="com.rightmove.searchproperty.tests.SearchPropertyTest"/>
  <testcase name="logintest" time="30.010" classname="com.rightmove.searchproperty.tests.SearchPropertyTest"/>
  <testcase name="logintest" time="40.625" classname="com.rightmove.searchproperty.tests.SearchPropertyTest"/>
  <testcase name="logintest" time="39.771" classname="com.rightmove.searchproperty.tests.SearchPropertyTest"/>
</testsuite> <!-- com.rightmove.searchproperty.tests.SearchPropertyTest -->
